<?xml version="1.0" encoding="UTF-8"?>
<testng-results skipped="0" failed="0" ignored="0" total="2" passed="2">
  <reporter-output>
  </reporter-output>
  <suite name="Suite" duration-ms="38627" started-at="2021-03-15T10:43:01 CAT" finished-at="2021-03-15T10:43:40 CAT">
    <groups>
    </groups>
    <test name="Test" duration-ms="38627" started-at="2021-03-15T10:43:01 CAT" finished-at="2021-03-15T10:43:40 CAT">
      <class name="reacttest.TC02_AddToCartTest">
        <test-method status="PASS" signature="loginTest()[pri:0, instance:reacttest.TC02_AddToCartTest@2353b3e6]" name="loginTest" duration-ms="19689" started-at="2021-03-15T10:43:20 CAT" finished-at="2021-03-15T10:43:40 CAT">
          <reporter-output>
          </reporter-output>
        </test-method> <!-- loginTest -->
      </class> <!-- reacttest.TC02_AddToCartTest -->
      <class name="reacttest.TC01_LoginTest">
        <test-method status="PASS" signature="loginTest()[pri:0, instance:reacttest.TC01_LoginTest@2a556333]" name="loginTest" duration-ms="18896" started-at="2021-03-15T10:43:01 CAT" finished-at="2021-03-15T10:43:20 CAT">
          <reporter-output>
          </reporter-output>
        </test-method> <!-- loginTest -->
      </class> <!-- reacttest.TC01_LoginTest -->
    </test> <!-- Test -->
  </suite> <!-- Suite -->
</testng-results>
