<?xml version="1.0" encoding="UTF-8"?>
<testng-results skipped="0" failed="0" ignored="0" total="1" passed="1">
  <reporter-output>
  </reporter-output>
  <suite name="Default suite" duration-ms="23031" started-at="2021-03-15T10:23:24 CAT" finished-at="2021-03-15T10:23:47 CAT">
    <groups>
    </groups>
    <test name="Default test" duration-ms="23031" started-at="2021-03-15T10:23:24 CAT" finished-at="2021-03-15T10:23:47 CAT">
      <class name="reacttest.TC02_AddToCartTest">
        <test-method status="PASS" signature="loginTest()[pri:0, instance:reacttest.TC02_AddToCartTest@262b2c86]" name="loginTest" duration-ms="22979" started-at="2021-03-15T10:23:24 CAT" finished-at="2021-03-15T10:23:47 CAT">
          <reporter-output>
          </reporter-output>
        </test-method> <!-- loginTest -->
      </class> <!-- reacttest.TC02_AddToCartTest -->
    </test> <!-- Default test -->
  </suite> <!-- Default suite -->
</testng-results>
